<?xml version="1.0" encoding="UTF-8"?>
<!-- Generated by org.testng.reporters.JUnitReportReporter -->
<testsuite hostname="Duong" failures="1" tests="12" name="phonesystem.edu.entity.KhachHangTest" time="0.457" errors="0" timestamp="15 Apr 2023 00:54:18 GMT" skipped="0">
  <testcase classname="phonesystem.edu.entity.KhachHangTest" name="testTen_ChuaKyTuDacBiet" time="0.017"/>
  <testcase classname="phonesystem.edu.entity.KhachHangTest" name="testSDT_ChuaKyTuDacBiet" time="0.032"/>
  <testcase classname="phonesystem.edu.entity.KhachHangTest" name="testTen_Rong" time="0.018"/>
  <testcase classname="phonesystem.edu.entity.KhachHangTest" name="testSDT_KhongPhaiSo" time="0.073"/>
  <testcase classname="phonesystem.edu.entity.KhachHangTest" name="testTen_VuotQua30KyTu" time="0.074"/>
  <testcase classname="phonesystem.edu.entity.KhachHangTest" name="testNhapDung" time="0.021"/>
  <testcase classname="phonesystem.edu.entity.KhachHangTest" name="testSDT_Rong" time="0.075"/>
  <testcase classname="phonesystem.edu.entity.KhachHangTest" name="testSDT_null" time="0.075"/>
  <testcase classname="phonesystem.edu.entity.KhachHangTest" name="testSDT_KhongPhaiSoVietNam" time="0.015"/>
  <testcase classname="phonesystem.edu.entity.KhachHangTest" name="testSDT_KhongDung10KyTuSo" time="0.021"/>
  <testcase classname="phonesystem.edu.entity.KhachHangTest" name="testTen_Null" time="0.018"/>
  <testcase classname="phonesystem.edu.entity.KhachHangTest" name="testTen_ChuaKyTuSo" time="0.018">
    <failure message="expected:&lt;[]valid&gt; but was:&lt;[In]valid&gt;" type="org.junit.ComparisonFailure">
      <![CDATA[org.junit.ComparisonFailure: expected:<[]valid> but was:<[In]valid>
at org.junit.Assert.assertEquals(Assert.java:117)
at org.junit.Assert.assertEquals(Assert.java:146)
at phonesystem.edu.entity.KhachHangTest.testTen_ChuaKyTuSo(KhachHangTest.java:89)
at java.base/jdk.internal.reflect.NativeMethodAccessorImpl.invoke0(Native Method)
at java.base/jdk.internal.reflect.NativeMethodAccessorImpl.invoke(NativeMethodAccessorImpl.java:77)
at java.base/jdk.internal.reflect.DelegatingMethodAccessorImpl.invoke(DelegatingMethodAccessorImpl.java:43)
at java.base/java.lang.reflect.Method.invoke(Method.java:568)
at org.junit.runners.model.FrameworkMethod$1.runReflectiveCall(FrameworkMethod.java:59)
at org.junit.internal.runners.model.ReflectiveCallable.run(ReflectiveCallable.java:12)
at org.junit.runners.model.FrameworkMethod.invokeExplosively(FrameworkMethod.java:56)
at org.junit.internal.runners.statements.InvokeMethod.evaluate(InvokeMethod.java:17)
at org.junit.runners.ParentRunner$3.evaluate(ParentRunner.java:306)
at org.junit.runners.BlockJUnit4ClassRunner$1.evaluate(BlockJUnit4ClassRunner.java:100)
at org.junit.runners.ParentRunner.runLeaf(ParentRunner.java:366)
at org.junit.runners.BlockJUnit4ClassRunner.runChild(BlockJUnit4ClassRunner.java:103)
at org.junit.runners.BlockJUnit4ClassRunner.runChild(BlockJUnit4ClassRunner.java:63)
at org.junit.runners.ParentRunner$4.run(ParentRunner.java:331)
at org.junit.runners.ParentRunner$1.schedule(ParentRunner.java:79)
at org.junit.runners.ParentRunner.runChildren(ParentRunner.java:329)
at org.junit.runners.ParentRunner.access$100(ParentRunner.java:66)
at org.junit.runners.ParentRunner$2.evaluate(ParentRunner.java:293)
at org.junit.runners.ParentRunner$3.evaluate(ParentRunner.java:306)
at org.junit.runners.ParentRunner.run(ParentRunner.java:413)
at org.junit.runner.JUnitCore.run(JUnitCore.java:137)
at org.junit.runner.JUnitCore.run(JUnitCore.java:115)
at org.testng.junit.JUnit4TestRunner.start(JUnit4TestRunner.java:82)
at org.testng.junit.JUnit4TestRunner.run(JUnit4TestRunner.java:70)
at org.testng.TestRunner$1.run(TestRunner.java:570)
at org.testng.TestRunner.runJUnitWorkers(TestRunner.java:717)
at org.testng.TestRunner.privateRunJUnit(TestRunner.java:601)
at org.testng.TestRunner.run(TestRunner.java:502)
at org.testng.SuiteRunner.runTest(SuiteRunner.java:455)
at org.testng.SuiteRunner.runSequentially(SuiteRunner.java:450)
at org.testng.SuiteRunner.privateRun(SuiteRunner.java:415)
at org.testng.SuiteRunner.run(SuiteRunner.java:364)
at org.testng.SuiteRunnerWorker.runSuite(SuiteRunnerWorker.java:52)
at org.testng.SuiteRunnerWorker.run(SuiteRunnerWorker.java:84)
at org.testng.TestNG.runSuitesSequentially(TestNG.java:1208)
at org.testng.TestNG.runSuitesLocally(TestNG.java:1137)
at org.testng.TestNG.runSuites(TestNG.java:1049)
at org.testng.TestNG.run(TestNG.java:1017)
at org.testng.TestNG.privateMain(TestNG.java:1354)
at org.testng.TestNG.main(TestNG.java:1323)
]]>
    </failure>
  </testcase> <!-- testTen_ChuaKyTuSo -->
</testsuite> <!-- phonesystem.edu.entity.KhachHangTest -->
