<?xml version="1.0" encoding="UTF-8"?>
<!-- Generated by org.testng.reporters.JUnitReportReporter -->
<testsuite hostname="Duong" failures="0" tests="18" name="phonesystem.edu.entity.TaiKhoanTest" time="0.403" errors="0" timestamp="15 Apr 2023 01:12:31 GMT" skipped="0">
  <testcase classname="phonesystem.edu.entity.TaiKhoanTest" name="testAddSuccess" time="0.012"/>
  <testcase classname="phonesystem.edu.entity.TaiKhoanTest" name="testLoginSuccess" time="0.013"/>
  <testcase classname="phonesystem.edu.entity.TaiKhoanTest" name="testWrongPassword" time="0.014"/>
  <testcase classname="phonesystem.edu.entity.TaiKhoanTest" name="testNullPassword" time="0.027"/>
  <testcase classname="phonesystem.edu.entity.TaiKhoanTest" name="testLenghtOfUsername" time="0.015"/>
  <testcase classname="phonesystem.edu.entity.TaiKhoanTest" name="testWrongUserName" time="0.013"/>
  <testcase classname="phonesystem.edu.entity.TaiKhoanTest" name="testUsernameLagerThan15" time="0.087"/>
  <testcase classname="phonesystem.edu.entity.TaiKhoanTest" name="testLenghtOfPassword" time="0.013"/>
  <testcase classname="phonesystem.edu.entity.TaiKhoanTest" name="testPasswordLagerThan15" time="0.014"/>
  <testcase classname="phonesystem.edu.entity.TaiKhoanTest" name="testWrongBoth" time="0.014"/>
  <testcase classname="phonesystem.edu.entity.TaiKhoanTest" name="testInvalidCharactorPassword" time="0.014"/>
  <testcase classname="phonesystem.edu.entity.TaiKhoanTest" name="testPasswordSmallerThan6" time="0.086"/>
  <testcase classname="phonesystem.edu.entity.TaiKhoanTest" name="testUsernameSmallerThan6" time="0.014"/>
  <testcase classname="phonesystem.edu.entity.TaiKhoanTest" name="testFindSucces" time="0.013"/>
  <testcase classname="phonesystem.edu.entity.TaiKhoanTest" name="testNullUserName" time="0.014"/>
  <testcase classname="phonesystem.edu.entity.TaiKhoanTest" name="testNullBoth" time="0.012"/>
  <testcase classname="phonesystem.edu.entity.TaiKhoanTest" name="testInvalidCharactorUsername" time="0.014"/>
  <testcase classname="phonesystem.edu.entity.TaiKhoanTest" name="testRoleIsEmployee" time="0.014"/>
</testsuite> <!-- phonesystem.edu.entity.TaiKhoanTest -->
